  CDialog.cpp
  CInputManager.cpp
  CLayout.cpp
  CMenu.cpp
  CMenuItem.cpp
C:\GIT\ncursesPac\src\Engine\CDialog.cpp(1,10): error C1083: Cannot open include file: 'Engine/CDialog.h': No such file or directory
  CMenuItemOption.cpp
C:\GIT\ncursesPac\src\Engine\CInputManager.cpp(1,10): error C1083: Cannot open include file: 'Engine/CInputManager.h': No such file or directory
C:\GIT\ncursesPac\src\Engine\CLayout.cpp(1,10): error C1083: Cannot open include file: 'Engine/CLayout.h': No such file or directory
C:\GIT\ncursesPac\src\Engine\CMenu.cpp(1,10): error C1083: Cannot open include file: 'Engine/CMenu.h': No such file or directory
C:\GIT\ncursesPac\src\Engine\CMenuItem.cpp(1,10): error C1083: Cannot open include file: 'Engine/CMenuItem.h': No such file or directory
C:\GIT\ncursesPac\src\Engine\CMenuItemOption.cpp(1,10): error C1083: Cannot open include file: 'Engine/CMenuItem.h': No such file or directory
  CNCurses.cpp
C:\GIT\ncursesPac\src\Engine\CNCurses.cpp(1,10): error C1083: Cannot open include file: 'Engine/CNCurses.h': No such file or directory
  CStateManager.cpp
C:\GIT\ncursesPac\src\Engine\CStateManager.cpp(1,10): error C1083: Cannot open include file: 'Engine/CStateManager.h': No such file or directory
  CTime.cpp
C:\GIT\ncursesPac\src\Engine\CTime.cpp(1,10): error C1083: Cannot open include file: 'Engine/CTime.h': No such file or directory
  CTimer.cpp
C:\GIT\ncursesPac\src\Engine\CTimer.cpp(1,10): error C1083: Cannot open include file: 'Engine/CTimer.h': No such file or directory
  CWindow.cpp
C:\GIT\ncursesPac\src\Engine\CWindow.cpp(2,10): error C1083: Cannot open include file: 'Engine/CWindow.h': No such file or directory
  CBoard.cpp
C:\GIT\ncursesPac\src\Game\CBoard.cpp(1,10): error C1083: Cannot open include file: 'Game/CBoard.h': No such file or directory
  CBoardUtils.cpp
C:\GIT\ncursesPac\src\Game\CBoardUtils.cpp(1,10): error C1083: Cannot open include file: 'Game/CBoardUtils.h': No such file or directory
  CGame.cpp
C:\GIT\ncursesPac\src\Game\CGame.cpp(1,10): error C1083: Cannot open include file: 'Game/CGame.h': No such file or directory
  CGameLayout.cpp
C:\GIT\ncursesPac\src\Game\CGameLayout.cpp(1,10): error C1083: Cannot open include file: 'Game/CGameLayout.h': No such file or directory
  CGhost.cpp
C:\GIT\ncursesPac\src\Game\CGhost.cpp(1,10): error C1083: Cannot open include file: 'Game/CGhost.h': No such file or directory
  CGhostHard.cpp
C:\GIT\ncursesPac\src\Game\CGhostHard.cpp(1,10): error C1083: Cannot open include file: 'Game/CGhostHard.h': No such file or directory
  CGhostManager.cpp
C:\GIT\ncursesPac\src\Game\CGhostManager.cpp(1,10): error C1083: Cannot open include file: 'Game/CGhostManager.h': No such file or directory
  CGhostMedium.cpp
C:\GIT\ncursesPac\src\Game\CGhostMedium.cpp(1,10): error C1083: Cannot open include file: 'Game/CGhostMedium.h': No such file or directory
  CMenuLayout.cpp
C:\GIT\ncursesPac\src\Game\CMenuLayout.cpp(1,10): error C1083: Cannot open include file: 'Game/CMenuLayout.h': No such file or directory
  Generating Code...
  Compiling...
  CPlayer.cpp
C:\GIT\ncursesPac\src\Game\CPlayer.cpp(1,10): error C1083: Cannot open include file: 'Game/CPlayer.h': No such file or directory
  CStateGame.cpp
C:\GIT\ncursesPac\src\Game\CStateGame.cpp(1,10): error C1083: Cannot open include file: 'Game/CStateGame.h': No such file or directory
  CStateMenu.cpp
C:\GIT\ncursesPac\src\Game\CStateMenu.cpp(1,10): error C1083: Cannot open include file: 'Game/CStateMenu.h': No such file or directory
  main.cpp
C:\GIT\ncursesPac\src\Engine\CNCurses.h(5,10): error C1083: Cannot open include file: 'ncurses/ncurses.h': No such file or directory
  (compiling source file '../../src/main.cpp')
  
  Generating Code...
